Using pre-set license
Built from '2020.3/release' branch; Version is '2020.3.2f1 (8fd9074bf66c) revision 9427207'; Using compiler version '192528614'; Build Type 'Release'
OS: 'Windows 10 Home; OS build 18363.1440; Version 1909; 64bit' Language: 'en' Physical Memory: 16300 MB
BatchMode: 1, IsHumanControllingUs: 0, StartBugReporterOnCrash: 0, Is64bit: 1, IsPro: 0

 COMMAND LINE ARGUMENTS:
D:\Unity\2020.3.2f1\Editor\Unity.exe
-adb2
-batchMode
-noUpm
-name
AssetImportWorker0
-projectPath
D:/king of the hill/KingOfTheHill/KingOfTheHill
-logFile
Logs/AssetImportWorker0.log
-srvPort
53679
Successfully changed project path to: D:/king of the hill/KingOfTheHill/KingOfTheHill
D:/king of the hill/KingOfTheHill/KingOfTheHill
Using Asset Import Pipeline V2.
Refreshing native plugins compatible for Editor in 28.37 ms, found 1 plugins.
Preloading 0 native plugins for Editor in 0.00 ms.
Initialize engine version: 2020.3.2f1 (8fd9074bf66c)
[Subsystems] Discovering subsystems at path D:/Unity/2020.3.2f1/Editor/Data/Resources/UnitySubsystems
[Subsystems] Discovering subsystems at path D:/king of the hill/KingOfTheHill/KingOfTheHill/Assets
GfxDevice: creating device client; threaded=0
Direct3D:
    Version:  Direct3D 11.0 [level 11.1]
    Renderer: NVIDIA GeForce GTX 1060 3GB (ID=0x1c02)
    Vendor:   
    VRAM:     2988 MB
    Driver:   27.21.14.5730
Initialize mono
Mono path[0] = 'D:/Unity/2020.3.2f1/Editor/Data/Managed'
Mono path[1] = 'D:/Unity/2020.3.2f1/Editor/Data/MonoBleedingEdge/lib/mono/unityjit'
Mono config path = 'D:/Unity/2020.3.2f1/Editor/Data/MonoBleedingEdge/etc'
Using monoOptions --debugger-agent=transport=dt_socket,embedding=1,server=y,suspend=n,address=127.0.0.1:56188
Begin MonoManager ReloadAssembly
Registering precompiled unity dll's ...
Register platform support module: D:/Unity/2020.3.2f1/Editor/Data/PlaybackEngines/WindowsStandaloneSupport/UnityEditor.WindowsStandalone.Extensions.dll
Registered in 0.000794 seconds.
Native extension for WindowsStandalone target not found
Refreshing native plugins compatible for Editor in 29.22 ms, found 1 plugins.
Preloading 0 native plugins for Editor in 0.00 ms.
Invoked RoslynAnalysisRunner static constructor.
RoslynAnalysisRunner will not be running.
RoslynAnalysisRunner has terminated.
Mono: successfully reloaded assembly
- Completed reload, in  0.680 seconds
Platform modules already initialized, skipping
Registering precompiled user dll's ...
Registered in 0.000613 seconds.
Begin MonoManager ReloadAssembly
Native extension for WindowsStandalone target not found
Refreshing native plugins compatible for Editor in 29.01 ms, found 1 plugins.
Preloading 0 native plugins for Editor in 0.00 ms.
Invoked RoslynAnalysisRunner static constructor.
RoslynAnalysisRunner will not be running.
RoslynAnalysisRunner has terminated.
Mono: successfully reloaded assembly
- Completed reload, in  0.716 seconds
Platform modules already initialized, skipping
========================================================================
Worker process is ready to serve import requests
Launched and connected shader compiler UnityShaderCompiler.exe after 0.05 seconds
Refreshing native plugins compatible for Editor in 0.31 ms, found 1 plugins.
Preloading 0 native plugins for Editor in 0.00 ms.
Unloading 1808 Unused Serialized files (Serialized files now loaded: 0)
System memory in use before: 84.8 MB.
System memory in use after: 84.8 MB.

Unloading 24 unused Assets to reduce memory usage. Loaded Objects now: 2250.
Total: 1.725100 ms (FindLiveObjects: 0.183800 ms CreateObjectMapping: 0.060800 ms MarkObjects: 1.353800 ms  DeleteObjects: 0.125800 ms)

========================================================================
Received Import Request.
  path: Assets/test.png
  artifactKey: Guid(d406a0500f09d4847a07d0f80ccf2031) Importer(815301076,1909f56bfc062723c751e8b465ee728b)
Start importing Assets/test.png using Guid(d406a0500f09d4847a07d0f80ccf2031) Importer(815301076,1909f56bfc062723c751e8b465ee728b)  -> (artifact id: '7b3fa909236efc868e1b9d02a5b224da') in 0.159138 seconds
  Import took 0.161718 seconds .

========================================================================
Received Import Request.
  Time since last request: 79.175921 seconds.
  path: Assets/test.png
  artifactKey: Guid(d406a0500f09d4847a07d0f80ccf2031) Importer(815301076,1909f56bfc062723c751e8b465ee728b)
Start importing Assets/test.png using Guid(d406a0500f09d4847a07d0f80ccf2031) Importer(815301076,1909f56bfc062723c751e8b465ee728b)  -> (artifact id: '5779d7cf23304c4b5221369f5335d3f2') in 0.006369 seconds
  Import took 0.009149 seconds .

========================================================================
Received Import Request.
  Time since last request: 0.000556 seconds.
  path: Assets/test.png
  artifactKey: Guid(d406a0500f09d4847a07d0f80ccf2031) Importer(815301076,1909f56bfc062723c751e8b465ee728b)
Start importing Assets/test.png using Guid(d406a0500f09d4847a07d0f80ccf2031) Importer(815301076,1909f56bfc062723c751e8b465ee728b)  -> (artifact id: '5779d7cf23304c4b5221369f5335d3f2') in 0.004235 seconds
  Import took 0.006899 seconds .

========================================================================
Received Import Request.
  Time since last request: 164.684931 seconds.
  path: Assets/123123213.png
  artifactKey: Guid(03851bf18c8b93e438b4367b752db908) Importer(815301076,1909f56bfc062723c751e8b465ee728b)
Start importing Assets/123123213.png using Guid(03851bf18c8b93e438b4367b752db908) Importer(815301076,1909f56bfc062723c751e8b465ee728b)  -> (artifact id: '301cdbfa6b89d8c7d53baf6f8b3b5e4d') in 0.014192 seconds
  Import took 0.017340 seconds .

========================================================================
Received Import Request.
  Time since last request: 509.317908 seconds.
  path: Assets/COLORFUL SQUJARE.png
  artifactKey: Guid(648124d39c3594844b998abe459f344d) Importer(815301076,1909f56bfc062723c751e8b465ee728b)
Start importing Assets/COLORFUL SQUJARE.png using Guid(648124d39c3594844b998abe459f344d) Importer(815301076,1909f56bfc062723c751e8b465ee728b)  -> (artifact id: 'c02021888d56fa6ec79c305b85fefc18') in 0.011443 seconds
  Import took 0.014491 seconds .

========================================================================
Received Import Request.
  Time since last request: 14.875863 seconds.
  path: Assets/COLORFUL SQUJARE.png
  artifactKey: Guid(648124d39c3594844b998abe459f344d) Importer(815301076,1909f56bfc062723c751e8b465ee728b)
Start importing Assets/COLORFUL SQUJARE.png using Guid(648124d39c3594844b998abe459f344d) Importer(815301076,1909f56bfc062723c751e8b465ee728b)  -> (artifact id: 'dfb768a637eb0dad4888b97a503a6ef5') in 0.018897 seconds
  Import took 0.021497 seconds .

========================================================================
Received Import Request.
  Time since last request: 5.987113 seconds.
  path: Assets/COLORFUL SQUJARE.asset
  artifactKey: Guid(3579579b83f86944da7ea1d78059a21d) Importer(815301076,1909f56bfc062723c751e8b465ee728b)
Start importing Assets/COLORFUL SQUJARE.asset using Guid(3579579b83f86944da7ea1d78059a21d) Importer(815301076,1909f56bfc062723c751e8b465ee728b)  -> (artifact id: '0a7c10111284fa226fe29f4c76fe29fe') in 0.016562 seconds
  Import took 0.019300 seconds .

========================================================================
Received Import Request.
  Time since last request: 38.720454 seconds.
  path: Assets/COLORFUL SQUJARE.png
  artifactKey: Guid(648124d39c3594844b998abe459f344d) Importer(815301076,1909f56bfc062723c751e8b465ee728b)
Start importing Assets/COLORFUL SQUJARE.png using Guid(648124d39c3594844b998abe459f344d) Importer(815301076,1909f56bfc062723c751e8b465ee728b)  -> (artifact id: 'a11802b679bf761446e39c7b6e6d24f5') in 0.004155 seconds
  Import took 0.006931 seconds .

========================================================================
Received Import Request.
  Time since last request: 191.916090 seconds.
  path: Assets/COLORFUL SQUJARE 1.png
  artifactKey: Guid(32e0a715cd67dfc4b8287de305a616c9) Importer(815301076,1909f56bfc062723c751e8b465ee728b)
Start importing Assets/COLORFUL SQUJARE 1.png using Guid(32e0a715cd67dfc4b8287de305a616c9) Importer(815301076,1909f56bfc062723c751e8b465ee728b)  -> (artifact id: '60c92eb1a77466a4fcfe26a801ef8209') in 0.027821 seconds
  Import took 0.030420 seconds .

========================================================================
Received Import Request.
  Time since last request: 0.001416 seconds.
  path: Assets/COLORFUL SQUJARE 1.png
  artifactKey: Guid(32e0a715cd67dfc4b8287de305a616c9) Importer(815301076,1909f56bfc062723c751e8b465ee728b)
Start importing Assets/COLORFUL SQUJARE 1.png using Guid(32e0a715cd67dfc4b8287de305a616c9) Importer(815301076,1909f56bfc062723c751e8b465ee728b)  -> (artifact id: '60c92eb1a77466a4fcfe26a801ef8209') in 0.004710 seconds
  Import took 0.007333 seconds .

========================================================================
Received Import Request.
  Time since last request: 4.675085 seconds.
  path: Assets/COLORFUL SQUJARE 1.asset
  artifactKey: Guid(2cfb5348a72d50647ac912e16b418596) Importer(815301076,1909f56bfc062723c751e8b465ee728b)
Start importing Assets/COLORFUL SQUJARE 1.asset using Guid(2cfb5348a72d50647ac912e16b418596) Importer(815301076,1909f56bfc062723c751e8b465ee728b)  -> (artifact id: '348dbc29012e61ab49343cb5e3aef1ff') in 0.011971 seconds
  Import took 0.014581 seconds .

========================================================================
Received Import Request.
  Time since last request: 11.319173 seconds.
  path: Assets/COLORFUL SQUJARE 1.png
  artifactKey: Guid(32e0a715cd67dfc4b8287de305a616c9) Importer(815301076,1909f56bfc062723c751e8b465ee728b)
Start importing Assets/COLORFUL SQUJARE 1.png using Guid(32e0a715cd67dfc4b8287de305a616c9) Importer(815301076,1909f56bfc062723c751e8b465ee728b)  -> (artifact id: '7261b73e3e0a61eaed3c0340308d62ba') in 0.004573 seconds
  Import took 0.007173 seconds .

========================================================================
Received Import Request.
  Time since last request: 0.000244 seconds.
  path: Assets/COLORFUL SQUJARE 1.png
  artifactKey: Guid(32e0a715cd67dfc4b8287de305a616c9) Importer(815301076,1909f56bfc062723c751e8b465ee728b)
Start importing Assets/COLORFUL SQUJARE 1.png using Guid(32e0a715cd67dfc4b8287de305a616c9) Importer(815301076,1909f56bfc062723c751e8b465ee728b)  -> (artifact id: '7261b73e3e0a61eaed3c0340308d62ba') in 0.003987 seconds
  Import took 0.006573 seconds .

AssetImportWorkerClient::OnTransportError - code=2 error=End of file
